2024-02-18 20:08:12,026 - INFO - Success for comment #0 with key AIzaSyAMpL8JpwPU4c1nEGKCiBAiGp979r6o4-4 on attempt 1
2024-02-18 20:08:12,155 - INFO - Success for comment #1 with key AIzaSyD_-Oiitvk4OL5zgvX90Nn5TcoA23TrMlM on attempt 1
2024-02-18 20:08:12,331 - INFO - Success for comment #2 with key AIzaSyCLQ0SAdw0-xKDEqGyTcBPO7yApPF2M3R0 on attempt 1
2024-02-18 20:08:12,523 - INFO - Success for comment #3 with key AIzaSyDTzo_CBwQ_5zVDojWSBMnH1jI_F6rEs7s on attempt 1
2024-02-18 20:08:12,707 - INFO - Success for comment #4 with key AIzaSyAt70Atcrnx2bfvFuPTwtvOV8Nf2PBPx4A on attempt 1
2024-02-18 20:08:12,880 - INFO - Success for comment #5 with key AIzaSyBgO09nuuysiO7YNqexVZiskWhJPSv5t3A on attempt 1
2024-02-18 20:08:13,066 - INFO - Success for comment #6 with key AIzaSyBFU4rFCLaCAVuQ0i4K3QhF_f9wBV4gBm4 on attempt 1
2024-02-18 20:08:13,267 - INFO - Success for comment #7 with key AIzaSyC8kMo6iX7iXX_lj8gx8IM0LuNS8p94UA4 on attempt 1
2024-02-18 20:08:13,460 - INFO - Success for comment #8 with key AIzaSyAhRHCYoYkRkQkco4NzhNuKT7Zm92BKOS8 on attempt 1
2024-02-18 20:08:13,640 - INFO - Success for comment #9 with key AIzaSyCr_b9CLWmy9Rt0f0ME74ZZmh3uT6gAwpk on attempt 1
2024-02-18 20:08:13,720 - INFO - Success for comment #10 with key AIzaSyAMpL8JpwPU4c1nEGKCiBAiGp979r6o4-4 on attempt 1
2024-02-18 20:08:13,893 - INFO - Success for comment #11 with key AIzaSyD_-Oiitvk4OL5zgvX90Nn5TcoA23TrMlM on attempt 1
2024-02-18 20:08:14,016 - INFO - Success for comment #12 with key AIzaSyCLQ0SAdw0-xKDEqGyTcBPO7yApPF2M3R0 on attempt 1
2024-02-18 20:08:14,132 - INFO - Success for comment #13 with key AIzaSyDTzo_CBwQ_5zVDojWSBMnH1jI_F6rEs7s on attempt 1
2024-02-18 20:08:14,223 - INFO - Success for comment #14 with key AIzaSyAt70Atcrnx2bfvFuPTwtvOV8Nf2PBPx4A on attempt 1
2024-02-18 20:08:14,301 - INFO - Success for comment #15 with key AIzaSyBgO09nuuysiO7YNqexVZiskWhJPSv5t3A on attempt 1
2024-02-18 20:08:14,387 - INFO - Success for comment #16 with key AIzaSyBFU4rFCLaCAVuQ0i4K3QhF_f9wBV4gBm4 on attempt 1
2024-02-18 20:08:14,461 - INFO - Success for comment #17 with key AIzaSyC8kMo6iX7iXX_lj8gx8IM0LuNS8p94UA4 on attempt 1
2024-02-18 20:08:14,553 - INFO - Success for comment #18 with key AIzaSyAhRHCYoYkRkQkco4NzhNuKT7Zm92BKOS8 on attempt 1
2024-02-18 20:08:14,644 - INFO - Success for comment #19 with key AIzaSyCr_b9CLWmy9Rt0f0ME74ZZmh3uT6gAwpk on attempt 1
2024-02-18 20:08:14,767 - INFO - Success for comment #20 with key AIzaSyAMpL8JpwPU4c1nEGKCiBAiGp979r6o4-4 on attempt 1
2024-02-18 20:08:14,883 - INFO - Success for comment #21 with key AIzaSyD_-Oiitvk4OL5zgvX90Nn5TcoA23TrMlM on attempt 1
2024-02-18 20:08:14,977 - INFO - Success for comment #22 with key AIzaSyCLQ0SAdw0-xKDEqGyTcBPO7yApPF2M3R0 on attempt 1
2024-02-18 20:08:15,044 - INFO - Success for comment #23 with key AIzaSyDTzo_CBwQ_5zVDojWSBMnH1jI_F6rEs7s on attempt 1
2024-02-18 20:08:15,165 - INFO - Success for comment #24 with key AIzaSyAt70Atcrnx2bfvFuPTwtvOV8Nf2PBPx4A on attempt 1
2024-02-18 20:08:15,281 - INFO - Success for comment #25 with key AIzaSyBgO09nuuysiO7YNqexVZiskWhJPSv5t3A on attempt 1
2024-02-18 20:08:15,379 - INFO - Success for comment #26 with key AIzaSyBFU4rFCLaCAVuQ0i4K3QhF_f9wBV4gBm4 on attempt 1
2024-02-18 20:08:15,473 - INFO - Success for comment #27 with key AIzaSyC8kMo6iX7iXX_lj8gx8IM0LuNS8p94UA4 on attempt 1
2024-02-18 20:08:15,573 - INFO - Success for comment #28 with key AIzaSyAhRHCYoYkRkQkco4NzhNuKT7Zm92BKOS8 on attempt 1
2024-02-18 20:08:15,687 - INFO - Success for comment #29 with key AIzaSyCr_b9CLWmy9Rt0f0ME74ZZmh3uT6gAwpk on attempt 1
2024-02-18 20:08:15,798 - INFO - Success for comment #30 with key AIzaSyAMpL8JpwPU4c1nEGKCiBAiGp979r6o4-4 on attempt 1
2024-02-18 20:08:15,907 - INFO - Success for comment #31 with key AIzaSyD_-Oiitvk4OL5zgvX90Nn5TcoA23TrMlM on attempt 1
2024-02-18 20:08:16,020 - INFO - Success for comment #32 with key AIzaSyCLQ0SAdw0-xKDEqGyTcBPO7yApPF2M3R0 on attempt 1
2024-02-18 20:08:16,117 - INFO - Success for comment #33 with key AIzaSyDTzo_CBwQ_5zVDojWSBMnH1jI_F6rEs7s on attempt 1
2024-02-18 20:08:16,231 - INFO - Success for comment #34 with key AIzaSyAt70Atcrnx2bfvFuPTwtvOV8Nf2PBPx4A on attempt 1
2024-02-18 20:08:16,344 - INFO - Success for comment #35 with key AIzaSyBgO09nuuysiO7YNqexVZiskWhJPSv5t3A on attempt 1
2024-02-18 20:08:16,449 - INFO - Success for comment #36 with key AIzaSyBFU4rFCLaCAVuQ0i4K3QhF_f9wBV4gBm4 on attempt 1
2024-02-18 20:08:16,561 - INFO - Success for comment #37 with key AIzaSyC8kMo6iX7iXX_lj8gx8IM0LuNS8p94UA4 on attempt 1
2024-02-18 20:08:16,677 - INFO - Success for comment #38 with key AIzaSyAhRHCYoYkRkQkco4NzhNuKT7Zm92BKOS8 on attempt 1
2024-02-18 20:08:16,788 - INFO - Success for comment #39 with key AIzaSyCr_b9CLWmy9Rt0f0ME74ZZmh3uT6gAwpk on attempt 1
2024-02-18 20:08:16,874 - INFO - Success for comment #40 with key AIzaSyAMpL8JpwPU4c1nEGKCiBAiGp979r6o4-4 on attempt 1
2024-02-18 20:08:16,991 - INFO - Success for comment #41 with key AIzaSyD_-Oiitvk4OL5zgvX90Nn5TcoA23TrMlM on attempt 1
2024-02-18 20:08:17,093 - INFO - Success for comment #42 with key AIzaSyCLQ0SAdw0-xKDEqGyTcBPO7yApPF2M3R0 on attempt 1
2024-02-18 20:08:17,206 - INFO - Success for comment #43 with key AIzaSyDTzo_CBwQ_5zVDojWSBMnH1jI_F6rEs7s on attempt 1
2024-02-18 20:08:17,320 - INFO - Success for comment #44 with key AIzaSyAt70Atcrnx2bfvFuPTwtvOV8Nf2PBPx4A on attempt 1
2024-02-18 20:08:17,433 - INFO - Success for comment #45 with key AIzaSyBgO09nuuysiO7YNqexVZiskWhJPSv5t3A on attempt 1
2024-02-18 20:08:17,550 - INFO - Success for comment #46 with key AIzaSyBFU4rFCLaCAVuQ0i4K3QhF_f9wBV4gBm4 on attempt 1
2024-02-18 20:08:17,652 - INFO - Success for comment #47 with key AIzaSyC8kMo6iX7iXX_lj8gx8IM0LuNS8p94UA4 on attempt 1
2024-02-18 20:08:17,766 - INFO - Success for comment #48 with key AIzaSyAhRHCYoYkRkQkco4NzhNuKT7Zm92BKOS8 on attempt 1
2024-02-18 20:08:17,878 - INFO - Success for comment #49 with key AIzaSyCr_b9CLWmy9Rt0f0ME74ZZmh3uT6gAwpk on attempt 1
2024-02-18 20:08:17,960 - INFO - Success for comment #50 with key AIzaSyAMpL8JpwPU4c1nEGKCiBAiGp979r6o4-4 on attempt 1
2024-02-18 20:08:18,124 - INFO - Success for comment #51 with key AIzaSyD_-Oiitvk4OL5zgvX90Nn5TcoA23TrMlM on attempt 1
2024-02-18 20:08:18,233 - INFO - Success for comment #52 with key AIzaSyCLQ0SAdw0-xKDEqGyTcBPO7yApPF2M3R0 on attempt 1
2024-02-18 20:08:18,428 - INFO - Success for comment #53 with key AIzaSyDTzo_CBwQ_5zVDojWSBMnH1jI_F6rEs7s on attempt 1
2024-02-18 20:08:18,541 - INFO - Success for comment #54 with key AIzaSyAt70Atcrnx2bfvFuPTwtvOV8Nf2PBPx4A on attempt 1
2024-02-18 20:08:18,656 - INFO - Success for comment #55 with key AIzaSyBgO09nuuysiO7YNqexVZiskWhJPSv5t3A on attempt 1
2024-02-18 20:08:18,759 - INFO - Success for comment #56 with key AIzaSyBFU4rFCLaCAVuQ0i4K3QhF_f9wBV4gBm4 on attempt 1
2024-02-18 20:08:18,879 - INFO - Success for comment #57 with key AIzaSyC8kMo6iX7iXX_lj8gx8IM0LuNS8p94UA4 on attempt 1
2024-02-18 20:08:18,970 - INFO - Success for comment #58 with key AIzaSyAhRHCYoYkRkQkco4NzhNuKT7Zm92BKOS8 on attempt 1
2024-02-18 20:08:19,083 - INFO - Success for comment #59 with key AIzaSyCr_b9CLWmy9Rt0f0ME74ZZmh3uT6gAwpk on attempt 1
